

HI-TECH Software PIC LITE Macro Assembler V9.80 build 6738 
                                                                                               Fri Oct 17 11:46:40 2025

HI-TECH Software Omniscient Code Generator (Lite mode) build 6738
     1  0000                     opt subtitle "HI-TECH Software Omniscient Code Generator (Lite mode) build 6738"
     2                           
     3                           opt pagewidth 120
     4                           
     5                           	opt lm
     6                           
     7                           	processor	16F877A
     8                           clrc	macro
     9                           	bcf	3,0
    10  0000                     	endm
    11                           clrz	macro
    12                           	bcf	3,2
    13  0000                     	endm
    14                           setc	macro
    15                           	bsf	3,0
    16  0000                     	endm
    17                           setz	macro
    18                           	bsf	3,2
    19  0000                     	endm
    20                           skipc	macro
    21                           	btfss	3,0
    22  0000                     	endm
    23                           skipz	macro
    24                           	btfss	3,2
    25  0000                     	endm
    26                           skipnc	macro
    27                           	btfsc	3,0
    28  0000                     	endm
    29                           skipnz	macro
    30                           	btfsc	3,2
    31  0000                     	endm
    32  0000                     indf	equ	0
    33  0000                     indf0	equ	0
    34  0002                     pc	equ	2
    35  0002                     pcl	equ	2
    36  0003                     status	equ	3
    37  0004                     fsr	equ	4
    38  0004                     fsr0	equ	4
    39  0001                     c	equ	1
    40  0000                     z	equ	0
    41  000A                     pclath	equ	10
    42                           # 3 "D:\EMB-COURSE\PIC16F877A\SPI\TASK 5 GPS LATITUDE AND LONGITUDE\CODE\Untitled.c"
    43                           	psect config,class=CONFIG,delta=2 ;#
    44                           # 3 "D:\EMB-COURSE\PIC16F877A\SPI\TASK 5 GPS LATITUDE AND LONGITUDE\CODE\Untitled.c"
    45  2007  3F3A               	dw 0X3F3A ;#
    46                           	FNCALL	_main,_lcd
    47                           	FNCALL	_main,_wait
    48                           	FNROOT	_main
    49                           	global	main@F528
    50                           	global	main@F526
    51                           	global	main@F524
    52                           psect	idataBANK1,class=CODE,space=0,delta=2
    53                           global __pidataBANK1
    54  05CC                     __pidataBANK1:
    55                           	file	"D:\EMB-COURSE\PIC16F877A\SPI\TASK 5 GPS LATITUDE AND LONGITUDE\CODE\Untitled.c"
    56                           	line	32
    57                           
    58                           ;initializer for main@F528
    59  05CC  3445               	retlw	045h
    60  05CD  344E               	retlw	04Eh
    61  05CE  3444               	retlw	044h
    62  05CF  3420               	retlw	020h
    63  05D0  3457               	retlw	057h
    64  05D1  3449               	retlw	049h
    65  05D2  3454               	retlw	054h
    66  05D3  3448               	retlw	048h
    67  05D4  3420               	retlw	020h
    68  05D5  342C               	retlw	02Ch
    69  05D6  3400               	retlw	0
    70                           	line	31
    71                           
    72                           ;initializer for main@F526
    73  05D7  344C               	retlw	04Ch
    74  05D8  344F               	retlw	04Fh
    75  05D9  344E               	retlw	04Eh
    76  05DA  3447               	retlw	047h
    77  05DB  3449               	retlw	049h
    78  05DC  3454               	retlw	054h
    79  05DD  3455               	retlw	055h
    80  05DE  3444               	retlw	044h
    81  05DF  3445               	retlw	045h
    82  05E0  3400               	retlw	0
    83                           	line	30
    84                           
    85                           ;initializer for main@F524
    86  05E1  344C               	retlw	04Ch
    87  05E2  3441               	retlw	041h
    88  05E3  3454               	retlw	054h
    89  05E4  3449               	retlw	049h
    90  05E5  3454               	retlw	054h
    91  05E6  3455               	retlw	055h
    92  05E7  3444               	retlw	044h
    93  05E8  3445               	retlw	045h
    94  05E9  3400               	retlw	0
    95                           	global	_PORTB
    96  0006                     _PORTB	set	6
    97                           	global	_RCREG
    98  001A                     _RCREG	set	26
    99                           	global	_RCSTA
   100  0018                     _RCSTA	set	24
   101                           	global	_RC0
   102  0038                     _RC0	set	56
   103                           	global	_RC1
   104  0039                     _RC1	set	57
   105                           	global	_RCIF
   106  0065                     _RCIF	set	101
   107                           	global	_RD0
   108  0040                     _RD0	set	64
   109                           	global	_RD1
   110  0041                     _RD1	set	65
   111                           	global	_SPBRG
   112  0099                     _SPBRG	set	153
   113                           	global	_TRISB
   114  0086                     _TRISB	set	134
   115                           	global	_TXSTA
   116  0098                     _TXSTA	set	152
   117                           	global	_TRISC0
   118  0438                     _TRISC0	set	1080
   119                           	global	_TRISC1
   120  0439                     _TRISC1	set	1081
   121                           	global	_TRISD0
   122  0440                     _TRISD0	set	1088
   123                           	global	_TRISD1
   124  0441                     _TRISD1	set	1089
   125                           	file	"CC.as"
   126                           	line	#
   127                           psect cinit,class=CODE,delta=2
   128                           global start_initialization
   129  05A5                     start_initialization:
   130                           
   131                           psect	dataBANK1,class=BANK1,space=1
   132                           global __pdataBANK1
   133  00A0                     __pdataBANK1:
   134                           	file	"D:\EMB-COURSE\PIC16F877A\SPI\TASK 5 GPS LATITUDE AND LONGITUDE\CODE\Untitled.c"
   135                           	line	32
   136  00A0                     main@F528:
   137  00A0                            ds      11
   138                           
   139                           psect	dataBANK1
   140                           	file	"D:\EMB-COURSE\PIC16F877A\SPI\TASK 5 GPS LATITUDE AND LONGITUDE\CODE\Untitled.c"
   141                           	line	31
   142  00AB                     main@F526:
   143  00AB                            ds      10
   144                           
   145                           psect	dataBANK1
   146                           	file	"D:\EMB-COURSE\PIC16F877A\SPI\TASK 5 GPS LATITUDE AND LONGITUDE\CODE\Untitled.c"
   147                           	line	30
   148  00B5                     main@F524:
   149  00B5                            ds      9
   150                           
   151                           global btemp
   152                           psect inittext,class=CODE,delta=2
   153                           global init_fetch,btemp
   154                           ;	Called with low address in FSR and high address in W
   155  0594                     init_fetch:
   156  0594  087E               	movf btemp,w
   157  0595  008A               	movwf pclath
   158  0596  087F               	movf btemp+1,w
   159  0597  0082               	movwf pc
   160                           global init_ram
   161                           ;Called with:
   162                           ;	high address of idata address in btemp 
   163                           ;	low address of idata address in btemp+1 
   164                           ;	low address of data in FSR
   165                           ;	high address + 1 of data in btemp-1
   166  0598                     init_ram:
   167  0598  2594  120A  118A   	fcall init_fetch
   168  059B  0080               	movwf indf,f
   169  059C  0A84               	incf fsr,f
   170  059D  0804               	movf fsr,w
   171  059E  067D               	xorwf btemp-1,w
   172  059F  1903               	btfsc status,2
   173  05A0  3400               	retlw 0
   174  05A1  0AFF               	incf btemp+1,f
   175  05A2  1903               	btfsc status,2
   176  05A3  0AFE               	incf btemp,f
   177  05A4  2D98               	goto init_ram
   178                           ; Initialize objects allocated to BANK1
   179                           psect cinit,class=CODE,delta=2
   180                           global init_ram, __pidataBANK1
   181  05A5  1383               	bcf	status, 7	;select IRP bank0
   182  05A6  30BE               	movlw low(__pdataBANK1+30)
   183  05A7  00FD               	movwf btemp-1,f
   184  05A8  3005               	movlw high(__pidataBANK1)
   185  05A9  00FE               	movwf btemp,f
   186  05AA  30CC               	movlw low(__pidataBANK1)
   187  05AB  00FF               	movwf btemp+1,f
   188  05AC  30A0               	movlw low(__pdataBANK1)
   189  05AD  0084               	movwf fsr,f
   190  05AE  120A  118A  2598   	fcall init_ram
              120A  118A         
   191                           psect cinit,class=CODE,delta=2
   192                           global end_of_initialization
   193                           
   194                           ;End of C runtime variable initialization code
   195                           
   196  05B3                     end_of_initialization:
   197  05B3  0183               clrf status
   198  05B4  120A  118A  2E0E   ljmp _main	;jump to C main() function
   199                           psect	cstackCOMMON,class=COMMON,space=1
   200                           global __pcstackCOMMON
   201  0070                     __pcstackCOMMON:
   202                           	global	?_lcd
   203  0070                     ?_lcd:	; 0 bytes @ 0x0
   204                           	global	?_wait
   205  0070                     ?_wait:	; 0 bytes @ 0x0
   206                           	global	??_wait
   207  0070                     ??_wait:	; 0 bytes @ 0x0
   208                           	global	?_main
   209  0070                     ?_main:	; 0 bytes @ 0x0
   210                           	global	lcd@b
   211  0070                     lcd@b:	; 2 bytes @ 0x0
   212  0070                     	ds	1
   213                           	global	wait@c
   214  0071                     wait@c:	; 1 bytes @ 0x1
   215  0071                     	ds	1
   216                           	global	??_lcd
   217  0072                     ??_lcd:	; 0 bytes @ 0x2
   218                           	global	wait@c1
   219  0072                     wait@c1:	; 1 bytes @ 0x2
   220  0072                     	ds	2
   221                           	global	lcd@a
   222  0074                     lcd@a:	; 1 bytes @ 0x4
   223  0074                     	ds	1
   224                           	global	??_main
   225  0075                     ??_main:	; 0 bytes @ 0x5
   226  0075                     	ds	4
   227                           psect	cstackBANK0,class=BANK0,space=1
   228                           global __pcstackBANK0
   229  0020                     __pcstackBANK0:
   230                           	global	main@arr3
   231  0020                     main@arr3:	; 11 bytes @ 0x0
   232  0020                     	ds	11
   233                           	global	main@arr2
   234  002B                     main@arr2:	; 10 bytes @ 0xB
   235  002B                     	ds	10
   236                           	global	main@arr1
   237  0035                     main@arr1:	; 9 bytes @ 0x15
   238  0035                     	ds	9
   239                           	global	main@LATITUDE
   240  003E                     main@LATITUDE:	; 20 bytes @ 0x1E
   241  003E                     	ds	20
   242                           	global	main@LONGITUDE
   243  0052                     main@LONGITUDE:	; 20 bytes @ 0x32
   244  0052                     	ds	20
   245                           	global	main@c
   246  0066                     main@c:	; 1 bytes @ 0x46
   247  0066                     	ds	1
   248                           	global	main@i
   249  0067                     main@i:	; 2 bytes @ 0x47
   250  0067                     	ds	2
   251 ;;Data sizes: Strings 0, constant 0, data 30, bss 0, persistent 0 stack 0
   252 ;;Auto spaces:   Size  Autos    Used
   253 ;; COMMON          14      9       9
   254 ;; BANK0           80     73      73
   255 ;; BANK1           80      0      30
   256 ;; BANK3           96      0       0
   257 ;; BANK2           96      0       0
   258                           
   259 ;;
   260 ;; Pointer list with targets:
   261                           
   262                           
   263                           
   264 ;;
   265 ;; Critical Paths under _main in COMMON
   266 ;;
   267 ;;   _main->_lcd
   268 ;;
   269 ;; Critical Paths under _main in BANK0
   270 ;;
   271 ;;   None.
   272 ;;
   273 ;; Critical Paths under _main in BANK1
   274 ;;
   275 ;;   None.
   276 ;;
   277 ;; Critical Paths under _main in BANK3
   278 ;;
   279 ;;   None.
   280 ;;
   281 ;; Critical Paths under _main in BANK2
   282 ;;
   283 ;;   None.
   284                           
   285 ;;
   286 ;;Main: autosize = 0, tempsize = 4, incstack = 0, save=0
   287 ;;
   288                           
   289 ;;
   290 ;;Call Graph Tables:
   291 ;;
   292 ;; ---------------------------------------------------------------------------------
   293 ;; (Depth) Function   	        Calls       Base Space   Used Autos Params    Refs
   294 ;; ---------------------------------------------------------------------------------
   295 ;; (0) _main                                                77    77      0     504
   296 ;;                                              5 COMMON     4     4      0
   297 ;;                                              0 BANK0     73    73      0
   298 ;;                                _lcd
   299 ;;                               _wait
   300 ;; ---------------------------------------------------------------------------------
   301 ;; (1) _lcd                                                  5     3      2      44
   302 ;;                                              0 COMMON     5     3      2
   303 ;; ---------------------------------------------------------------------------------
   304 ;; (1) _wait                                                 3     3      0      45
   305 ;;                                              0 COMMON     3     3      0
   306 ;; ---------------------------------------------------------------------------------
   307 ;; Estimated maximum stack depth 1
   308 ;; ---------------------------------------------------------------------------------
   309                           
   310 ;; Call Graph Graphs:
   311                           
   312 ;; _main (ROOT)
   313 ;;   _lcd
   314 ;;   _wait
   315 ;;
   316                           
   317 ;; Address spaces:
   318                           
   319 ;;Name               Size   Autos  Total    Cost      Usage
   320 ;;BANK3               60      0       0       9        0.0%
   321 ;;BITBANK3            60      0       0       8        0.0%
   322 ;;SFR3                 0      0       0       4        0.0%
   323 ;;BITSFR3              0      0       0       4        0.0%
   324 ;;BANK2               60      0       0      11        0.0%
   325 ;;BITBANK2            60      0       0      10        0.0%
   326 ;;SFR2                 0      0       0       5        0.0%
   327 ;;BITSFR2              0      0       0       5        0.0%
   328 ;;SFR1                 0      0       0       2        0.0%
   329 ;;BITSFR1              0      0       0       2        0.0%
   330 ;;BANK1               50      0      1E       7       37.5%
   331 ;;BITBANK1            50      0       0       6        0.0%
   332 ;;CODE                 0      0       0       0        0.0%
   333 ;;DATA                 0      0      71      12        0.0%
   334 ;;ABS                  0      0      70       3        0.0%
   335 ;;NULL                 0      0       0       0        0.0%
   336 ;;STACK                0      0       1       2        0.0%
   337 ;;BANK0               50     49      49       5       91.3%
   338 ;;BITBANK0            50      0       0       4        0.0%
   339 ;;SFR0                 0      0       0       1        0.0%
   340 ;;BITSFR0              0      0       0       1        0.0%
   341 ;;COMMON               E      9       9       1       64.3%
   342 ;;BITCOMMON            E      0       0       0        0.0%
   343 ;;EEDATA             100      0       0       0        0.0%
   344                           
   345                           	global	_main
   346                           psect	maintext,global,class=CODE,delta=2
   347                           global __pmaintext
   348  060E                     __pmaintext:
   349                           
   350 ;; *************** function _main *****************
   351 ;; Defined at:
   352 ;;		line 25 in file "D:\EMB-COURSE\PIC16F877A\SPI\TASK 5 GPS LATITUDE AND LONGITUDE\CODE\Untitled.c"
   353 ;; Parameters:    Size  Location     Type
   354 ;;		None
   355 ;; Auto vars:     Size  Location     Type
   356 ;;  LONGITUDE      20   50[BANK0 ] unsigned char [20]
   357 ;;  LATITUDE       20   30[BANK0 ] unsigned char [20]
   358 ;;  arr3           11    0[BANK0 ] unsigned char [11]
   359 ;;  arr2           10   11[BANK0 ] unsigned char [10]
   360 ;;  arr1            9   21[BANK0 ] unsigned char [9]
   361 ;;  i               2   71[BANK0 ] int 
   362 ;;  c               1   70[BANK0 ] unsigned char 
   363 ;; Return value:  Size  Location     Type
   364 ;;		None               void
   365 ;; Registers used:
   366 ;;		wreg, fsr0l, fsr0h, status,2, status,0, btemp+1, pclath, cstack
   367 ;; Tracked objects:
   368 ;;		On entry : 17F/0
   369 ;;		On exit  : 0/0
   370 ;;		Unchanged: 0/0
   371 ;; Data sizes:     COMMON   BANK0   BANK1   BANK3   BANK2
   372 ;;      Params:         0       0       0       0       0
   373 ;;      Locals:         0      73       0       0       0
   374 ;;      Temps:          4       0       0       0       0
   375 ;;      Totals:         4      73       0       0       0
   376 ;;Total ram usage:       77 bytes
   377 ;; Hardware stack levels required when called:    1
   378 ;; This function calls:
   379 ;;		_lcd
   380 ;;		_wait
   381 ;; This function is called by:
   382 ;;		Startup code after reset
   383 ;; This function uses a non-reentrant model
   384 ;;
   385                           psect	maintext
   386                           	file	"D:\EMB-COURSE\PIC16F877A\SPI\TASK 5 GPS LATITUDE AND LONGITUDE\CODE\Untitled.c"
   387                           	line	25
   388                           	global	__size_of_main
   389  01F2                     	__size_of_main	equ	__end_of_main-_main
   390                           	
   391  060E                     _main:	
   392                           	opt	stack 7
   393                           ; Regs used in _main: [wreg-fsr0h+status,2+status,0+btemp+1+pclath+cstack]
   394                           	line	30
   395                           	
   396  060E                     l1876:	
   397                           ;Untitled.c: 26: int i;
   398                           ;Untitled.c: 27: char c;
   399                           ;Untitled.c: 28: char LATITUDE[20];
   400                           ;Untitled.c: 29: char LONGITUDE[20];
   401                           ;Untitled.c: 30: char arr1[]="LATITUDE";
   402  060E  3035               	movlw	(main@arr1)&0ffh
   403  060F  0084               	movwf	fsr0
   404  0610  30B5               	movlw	low(main@F524)
   405  0611  00F5               	movwf	(??_main+0)+0
   406  0612  0804               	movf	fsr0,w
   407  0613  00F6               	movwf	((??_main+0)+0+1)
   408  0614  3009               	movlw	9
   409  0615  00F7               	movwf	((??_main+0)+0+2)
   410  0616                     u2330:
   411  0616  0875               	movf	(??_main+0)+0,w
   412  0617  0084               	movwf	fsr0
   413  0618  1383               	bcf	status, 7	;select IRP bank1
   414                           	
   415  0619  0800               	movf	indf,w
   416  061A  00F8               	movwf	((??_main+0)+0+3)
   417  061B  0AF5               	incf	(??_main+0)+0,f
   418  061C  0876               	movf	((??_main+0)+0+1),w
   419  061D  0084               	movwf	fsr0
   420                           	
   421  061E  0878               	movf	((??_main+0)+0+3),w
   422  061F  0080               	movwf	indf
   423  0620  0AF6               	incf	((??_main+0)+0+1),f
   424  0621  0BF7               	decfsz	((??_main+0)+0+2),f
   425  0622  2E16               	goto	u2330
   426                           	line	31
   427                           ;Untitled.c: 31: char arr2[]="LONGITUDE";
   428  0623  302B               	movlw	(main@arr2)&0ffh
   429  0624  0084               	movwf	fsr0
   430  0625  30AB               	movlw	low(main@F526)
   431  0626  00F5               	movwf	(??_main+0)+0
   432  0627  0804               	movf	fsr0,w
   433  0628  00F6               	movwf	((??_main+0)+0+1)
   434  0629  300A               	movlw	10
   435  062A  00F7               	movwf	((??_main+0)+0+2)
   436  062B                     u2340:
   437  062B  0875               	movf	(??_main+0)+0,w
   438  062C  0084               	movwf	fsr0
   439  062D  1383               	bcf	status, 7	;select IRP bank1
   440                           	
   441  062E  0800               	movf	indf,w
   442  062F  00F8               	movwf	((??_main+0)+0+3)
   443  0630  0AF5               	incf	(??_main+0)+0,f
   444  0631  0876               	movf	((??_main+0)+0+1),w
   445  0632  0084               	movwf	fsr0
   446                           	
   447  0633  0878               	movf	((??_main+0)+0+3),w
   448  0634  0080               	movwf	indf
   449  0635  0AF6               	incf	((??_main+0)+0+1),f
   450  0636  0BF7               	decfsz	((??_main+0)+0+2),f
   451  0637  2E2B               	goto	u2340
   452                           	line	32
   453                           ;Untitled.c: 32: char arr3[]="END WITH ,";
   454  0638  3020               	movlw	(main@arr3)&0ffh
   455  0639  0084               	movwf	fsr0
   456  063A  30A0               	movlw	low(main@F528)
   457  063B  00F5               	movwf	(??_main+0)+0
   458  063C  0804               	movf	fsr0,w
   459  063D  00F6               	movwf	((??_main+0)+0+1)
   460  063E  300B               	movlw	11
   461  063F  00F7               	movwf	((??_main+0)+0+2)
   462  0640                     u2350:
   463  0640  0875               	movf	(??_main+0)+0,w
   464  0641  0084               	movwf	fsr0
   465  0642  1383               	bcf	status, 7	;select IRP bank1
   466                           	
   467  0643  0800               	movf	indf,w
   468  0644  00F8               	movwf	((??_main+0)+0+3)
   469  0645  0AF5               	incf	(??_main+0)+0,f
   470  0646  0876               	movf	((??_main+0)+0+1),w
   471  0647  0084               	movwf	fsr0
   472                           	
   473  0648  0878               	movf	((??_main+0)+0+3),w
   474  0649  0080               	movwf	indf
   475  064A  0AF6               	incf	((??_main+0)+0+1),f
   476  064B  0BF7               	decfsz	((??_main+0)+0+2),f
   477  064C  2E40               	goto	u2350
   478                           	line	33
   479                           	
   480  064D                     l1878:	
   481                           ;Untitled.c: 33: TRISD0=0;
   482  064D  1683               	bsf	status, 5	;RP0=1, select bank1
   483  064E  1303               	bcf	status, 6	;RP1=0, select bank1
   484  064F  1008               	bcf	(1088/8)^080h,(1088)&7
   485                           	line	34
   486                           	
   487  0650                     l1880:	
   488                           ;Untitled.c: 34: TRISD1=0;
   489  0650  1088               	bcf	(1089/8)^080h,(1089)&7
   490                           	line	35
   491                           	
   492  0651                     l1882:	
   493                           ;Untitled.c: 35: TRISC0=0;
   494  0651  1007               	bcf	(1080/8)^080h,(1080)&7
   495                           	line	36
   496                           	
   497  0652                     l1884:	
   498                           ;Untitled.c: 36: TRISC1=0;
   499  0652  1087               	bcf	(1081/8)^080h,(1081)&7
   500                           	line	38
   501                           	
   502  0653                     l1886:	
   503                           ;Untitled.c: 38: TRISB=0X00;
   504  0653  0186               	clrf	(134)^080h	;volatile
   505                           	line	39
   506                           	
   507  0654                     l1888:	
   508                           ;Untitled.c: 39: RD0=0;
   509  0654  1283               	bcf	status, 5	;RP0=0, select bank0
   510  0655  1303               	bcf	status, 6	;RP1=0, select bank0
   511  0656  1008               	bcf	(64/8),(64)&7
   512                           	line	40
   513                           	
   514  0657                     l1890:	
   515                           ;Untitled.c: 40: TXSTA=0b00100100;
   516  0657  3024               	movlw	(024h)
   517  0658  1683               	bsf	status, 5	;RP0=1, select bank1
   518  0659  1303               	bcf	status, 6	;RP1=0, select bank1
   519  065A  0098               	movwf	(152)^080h	;volatile
   520                           	line	41
   521                           	
   522  065B                     l1892:	
   523                           ;Untitled.c: 41: RCSTA=0b10010000;
   524  065B  3090               	movlw	(090h)
   525  065C  1283               	bcf	status, 5	;RP0=0, select bank0
   526  065D  1303               	bcf	status, 6	;RP1=0, select bank0
   527  065E  0098               	movwf	(24)	;volatile
   528                           	line	42
   529                           	
   530  065F                     l1894:	
   531                           ;Untitled.c: 42: SPBRG=129;
   532  065F  3081               	movlw	(081h)
   533  0660  1683               	bsf	status, 5	;RP0=1, select bank1
   534  0661  1303               	bcf	status, 6	;RP1=0, select bank1
   535  0662  0099               	movwf	(153)^080h	;volatile
   536                           	line	43
   537                           	
   538  0663                     l1896:	
   539                           ;Untitled.c: 43: lcd(0X0E,0);
   540  0663  3000               	movlw	low(0)
   541  0664  00F0               	movwf	(?_lcd)
   542  0665  3000               	movlw	high(0)
   543  0666  00F1               	movwf	((?_lcd))+1
   544  0667  300E               	movlw	(0Eh)
   545  0668  120A  118A  25EA   	fcall	_lcd
              120A  118A         
   546                           	line	44
   547                           	
   548  066D                     l1898:	
   549                           ;Untitled.c: 44: lcd(0X38,0);
   550  066D  3000               	movlw	low(0)
   551  066E  00F0               	movwf	(?_lcd)
   552  066F  3000               	movlw	high(0)
   553  0670  00F1               	movwf	((?_lcd))+1
   554  0671  3038               	movlw	(038h)
   555  0672  120A  118A  25EA   	fcall	_lcd
              120A  118A         
   556                           	line	47
   557                           	
   558  0677                     l1900:	
   559                           ;Untitled.c: 47: wait('G');
   560  0677  3047               	movlw	(047h)
   561  0678  120A  118A  25B7   	fcall	_wait
              120A  118A         
   562                           	line	50
   563                           	
   564  067D                     l1902:	
   565                           ;Untitled.c: 50: wait('P');
   566  067D  3050               	movlw	(050h)
   567  067E  120A  118A  25B7   	fcall	_wait
              120A  118A         
   568                           	line	53
   569                           	
   570  0683                     l1904:	
   571                           ;Untitled.c: 53: wait('R');
   572  0683  3052               	movlw	(052h)
   573  0684  120A  118A  25B7   	fcall	_wait
              120A  118A         
   574                           	line	56
   575                           	
   576  0689                     l1906:	
   577                           ;Untitled.c: 56: wait('M');
   578  0689  304D               	movlw	(04Dh)
   579  068A  120A  118A  25B7   	fcall	_wait
              120A  118A         
   580                           	line	59
   581                           	
   582  068F                     l1908:	
   583                           ;Untitled.c: 59: wait('C');
   584  068F  3043               	movlw	(043h)
   585  0690  120A  118A  25B7   	fcall	_wait
              120A  118A         
   586                           	line	62
   587                           	
   588  0695                     l1910:	
   589                           ;Untitled.c: 62: wait(',');
   590  0695  302C               	movlw	(02Ch)
   591  0696  120A  118A  25B7   	fcall	_wait
              120A  118A         
   592                           	line	65
   593                           	
   594  069B                     l1912:	
   595                           ;Untitled.c: 65: wait(',');
   596  069B  302C               	movlw	(02Ch)
   597  069C  120A  118A  25B7   	fcall	_wait
              120A  118A         
   598                           	line	68
   599                           	
   600  06A1                     l1914:	
   601                           ;Untitled.c: 68: wait('A');
   602  06A1  3041               	movlw	(041h)
   603  06A2  120A  118A  25B7   	fcall	_wait
              120A  118A         
   604                           	line	70
   605                           	
   606  06A7                     l1916:	
   607                           ;Untitled.c: 70: RD0=1;
   608  06A7  1283               	bcf	status, 5	;RP0=0, select bank0
   609  06A8  1303               	bcf	status, 6	;RP1=0, select bank0
   610  06A9  1408               	bsf	(64/8),(64)&7
   611                           	line	73
   612                           	
   613  06AA                     l1918:	
   614                           ;Untitled.c: 73: wait(',');
   615  06AA  302C               	movlw	(02Ch)
   616  06AB  120A  118A  25B7   	fcall	_wait
              120A  118A         
   617                           	line	78
   618                           	
   619  06B0                     l1920:	
   620                           ;Untitled.c: 78: for(i=0;;i++)
   621  06B0  3000               	movlw	low(0)
   622  06B1  1283               	bcf	status, 5	;RP0=0, select bank0
   623  06B2  1303               	bcf	status, 6	;RP1=0, select bank0
   624  06B3  00E7               	movwf	(main@i)
   625  06B4  3000               	movlw	high(0)
   626  06B5  00E8               	movwf	((main@i))+1
   627  06B6  2EB8               	goto	l579
   628                           	line	79
   629                           	
   630  06B7                     l578:	
   631                           	line	80
   632                           ;Untitled.c: 79: {
   633                           ;Untitled.c: 80: while(RCIF==0);
   634  06B7  2EB8               	goto	l579
   635                           	
   636  06B8                     l580:	
   637                           	
   638  06B8                     l579:	
   639  06B8  1E8C               	btfss	(101/8),(101)&7
   640  06B9  2EBB               	goto	u2361
   641  06BA  2EBC               	goto	u2360
   642  06BB                     u2361:
   643  06BB  2EB8               	goto	l579
   644  06BC                     u2360:
   645                           	
   646  06BC                     l581:	
   647                           	line	81
   648                           ;Untitled.c: 81: RCIF=0;
   649  06BC  128C               	bcf	(101/8),(101)&7
   650                           	line	82
   651                           	
   652  06BD                     l1922:	
   653                           ;Untitled.c: 82: c=RCREG;
   654  06BD  081A               	movf	(26),w	;volatile
   655  06BE  00F5               	movwf	(??_main+0)+0
   656  06BF  0875               	movf	(??_main+0)+0,w
   657  06C0  00E6               	movwf	(main@c)
   658                           	line	83
   659                           ;Untitled.c: 83: if(c==',')
   660  06C1  0866               	movf	(main@c),w
   661  06C2  3A2C               	xorlw	02Ch
   662  06C3  1D03               	skipz
   663  06C4  2EC6               	goto	u2371
   664  06C5  2EC7               	goto	u2370
   665  06C6                     u2371:
   666  06C6  2EC9               	goto	l1926
   667  06C7                     u2370:
   668  06C7  2ED8               	goto	l1930
   669                           	line	85
   670                           	
   671  06C8                     l1924:	
   672                           ;Untitled.c: 84: {
   673                           ;Untitled.c: 85: break;
   674  06C8  2ED8               	goto	l1930
   675                           	line	86
   676                           	
   677  06C9                     l582:	
   678                           	line	87
   679                           	
   680  06C9                     l1926:	
   681                           ;Untitled.c: 86: }
   682                           ;Untitled.c: 87: LATITUDE[i]=c;
   683  06C9  0866               	movf	(main@c),w
   684  06CA  00F5               	movwf	(??_main+0)+0
   685  06CB  0867               	movf	(main@i),w
   686  06CC  3E3E               	addlw	main@LATITUDE&0ffh
   687  06CD  0084               	movwf	fsr0
   688  06CE  0875               	movf	(??_main+0)+0,w
   689  06CF  1383               	bcf	status, 7	;select IRP bank0
   690  06D0  0080               	movwf	indf
   691                           	line	78
   692                           	
   693  06D1                     l1928:	
   694  06D1  3001               	movlw	low(01h)
   695  06D2  07E7               	addwf	(main@i),f
   696  06D3  1803               	skipnc
   697  06D4  0AE8               	incf	(main@i+1),f
   698  06D5  3000               	movlw	high(01h)
   699  06D6  07E8               	addwf	(main@i+1),f
   700  06D7  2EB8               	goto	l579
   701                           	
   702  06D8                     l583:	
   703                           	line	91
   704                           	
   705  06D8                     l1930:	
   706                           ;Untitled.c: 88: }
   707                           ;Untitled.c: 91: wait('N');
   708  06D8  304E               	movlw	(04Eh)
   709  06D9  120A  118A  25B7   	fcall	_wait
              120A  118A         
   710                           	line	94
   711                           ;Untitled.c: 94: wait(',');
   712  06DE  302C               	movlw	(02Ch)
   713  06DF  120A  118A  25B7   	fcall	_wait
              120A  118A         
   714                           	line	96
   715                           	
   716  06E4                     l1932:	
   717                           ;Untitled.c: 96: RD1=1;
   718  06E4  1283               	bcf	status, 5	;RP0=0, select bank0
   719  06E5  1303               	bcf	status, 6	;RP1=0, select bank0
   720  06E6  1488               	bsf	(65/8),(65)&7
   721                           	line	100
   722                           	
   723  06E7                     l1934:	
   724                           ;Untitled.c: 100: for(i=0;;i++)
   725  06E7  3000               	movlw	low(0)
   726  06E8  00E7               	movwf	(main@i)
   727  06E9  3000               	movlw	high(0)
   728  06EA  00E8               	movwf	((main@i))+1
   729  06EB  2EED               	goto	l585
   730                           	line	101
   731                           	
   732  06EC                     l584:	
   733                           	line	102
   734                           ;Untitled.c: 101: {
   735                           ;Untitled.c: 102: while(RCIF==0);
   736  06EC  2EED               	goto	l585
   737                           	
   738  06ED                     l586:	
   739                           	
   740  06ED                     l585:	
   741  06ED  1E8C               	btfss	(101/8),(101)&7
   742  06EE  2EF0               	goto	u2381
   743  06EF  2EF1               	goto	u2380
   744  06F0                     u2381:
   745  06F0  2EED               	goto	l585
   746  06F1                     u2380:
   747                           	
   748  06F1                     l587:	
   749                           	line	103
   750                           ;Untitled.c: 103: RCIF=0;
   751  06F1  128C               	bcf	(101/8),(101)&7
   752                           	line	104
   753                           	
   754  06F2                     l1936:	
   755                           ;Untitled.c: 104: c=RCREG;
   756  06F2  081A               	movf	(26),w	;volatile
   757  06F3  00F5               	movwf	(??_main+0)+0
   758  06F4  0875               	movf	(??_main+0)+0,w
   759  06F5  00E6               	movwf	(main@c)
   760                           	line	105
   761                           ;Untitled.c: 105: if(c==',')
   762  06F6  0866               	movf	(main@c),w
   763  06F7  3A2C               	xorlw	02Ch
   764  06F8  1D03               	skipz
   765  06F9  2EFB               	goto	u2391
   766  06FA  2EFC               	goto	u2390
   767  06FB                     u2391:
   768  06FB  2EFE               	goto	l1940
   769  06FC                     u2390:
   770  06FC  2F0D               	goto	l1944
   771                           	line	107
   772                           	
   773  06FD                     l1938:	
   774                           ;Untitled.c: 106: {
   775                           ;Untitled.c: 107: break;
   776  06FD  2F0D               	goto	l1944
   777                           	line	108
   778                           	
   779  06FE                     l588:	
   780                           	line	109
   781                           	
   782  06FE                     l1940:	
   783                           ;Untitled.c: 108: }
   784                           ;Untitled.c: 109: LONGITUDE[i]=c;
   785  06FE  0866               	movf	(main@c),w
   786  06FF  00F5               	movwf	(??_main+0)+0
   787  0700  0867               	movf	(main@i),w
   788  0701  3E52               	addlw	main@LONGITUDE&0ffh
   789  0702  0084               	movwf	fsr0
   790  0703  0875               	movf	(??_main+0)+0,w
   791  0704  1383               	bcf	status, 7	;select IRP bank0
   792  0705  0080               	movwf	indf
   793                           	line	100
   794                           	
   795  0706                     l1942:	
   796  0706  3001               	movlw	low(01h)
   797  0707  07E7               	addwf	(main@i),f
   798  0708  1803               	skipnc
   799  0709  0AE8               	incf	(main@i+1),f
   800  070A  3000               	movlw	high(01h)
   801  070B  07E8               	addwf	(main@i+1),f
   802  070C  2EED               	goto	l585
   803                           	
   804  070D                     l589:	
   805                           	line	112
   806                           	
   807  070D                     l1944:	
   808                           ;Untitled.c: 110: }
   809                           ;Untitled.c: 112: lcd(0x01,0);
   810  070D  3000               	movlw	low(0)
   811  070E  00F0               	movwf	(?_lcd)
   812  070F  3000               	movlw	high(0)
   813  0710  00F1               	movwf	((?_lcd))+1
   814  0711  3001               	movlw	(01h)
   815  0712  120A  118A  25EA   	fcall	_lcd
              120A  118A         
   816                           	line	113
   817                           	
   818  0717                     l1946:	
   819                           ;Untitled.c: 113: for(i=0;i<10;i++)
   820  0717  3000               	movlw	low(0)
   821  0718  1283               	bcf	status, 5	;RP0=0, select bank0
   822  0719  1303               	bcf	status, 6	;RP1=0, select bank0
   823  071A  00E7               	movwf	(main@i)
   824  071B  3000               	movlw	high(0)
   825  071C  00E8               	movwf	((main@i))+1
   826                           	
   827  071D                     l1948:	
   828  071D  0868               	movf	(main@i+1),w
   829  071E  3A80               	xorlw	80h
   830  071F  00FF               	movwf	btemp+1
   831  0720  3080               	movlw	(high(0Ah))^80h
   832  0721  027F               	subwf	btemp+1,w
   833  0722  1D03               	skipz
   834  0723  2F26               	goto	u2405
   835  0724  300A               	movlw	low(0Ah)
   836  0725  0267               	subwf	(main@i),w
   837  0726                     u2405:
   838                           
   839  0726  1C03               	skipc
   840  0727  2F29               	goto	u2401
   841  0728  2F2A               	goto	u2400
   842  0729                     u2401:
   843  0729  2F2C               	goto	l1952
   844  072A                     u2400:
   845  072A  2F5F               	goto	l1960
   846                           	
   847  072B                     l1950:	
   848  072B  2F5F               	goto	l1960
   849                           	line	114
   850                           	
   851  072C                     l590:	
   852                           	line	115
   853                           	
   854  072C                     l1952:	
   855                           ;Untitled.c: 114: {
   856                           ;Untitled.c: 115: lcd(0x80+i,0);
   857  072C  3000               	movlw	low(0)
   858  072D  00F0               	movwf	(?_lcd)
   859  072E  3000               	movlw	high(0)
   860  072F  00F1               	movwf	((?_lcd))+1
   861  0730  1283               	bcf	status, 5	;RP0=0, select bank0
   862  0731  1303               	bcf	status, 6	;RP1=0, select bank0
   863  0732  0867               	movf	(main@i),w
   864  0733  3E80               	addlw	080h
   865  0734  120A  118A  25EA   	fcall	_lcd
              120A  118A         
   866                           	line	116
   867                           	
   868  0739                     l1954:	
   869                           ;Untitled.c: 116: lcd(LATITUDE[i],1);
   870  0739  3001               	movlw	low(01h)
   871  073A  00F0               	movwf	(?_lcd)
   872  073B  3000               	movlw	high(01h)
   873  073C  00F1               	movwf	((?_lcd))+1
   874  073D  1283               	bcf	status, 5	;RP0=0, select bank0
   875  073E  1303               	bcf	status, 6	;RP1=0, select bank0
   876  073F  0867               	movf	(main@i),w
   877  0740  3E3E               	addlw	main@LATITUDE&0ffh
   878  0741  0084               	movwf	fsr0
   879  0742  1383               	bcf	status, 7	;select IRP bank0
   880  0743  0800               	movf	indf,w
   881  0744  120A  118A  25EA   	fcall	_lcd
              120A  118A         
   882                           	line	113
   883                           	
   884  0749                     l1956:	
   885  0749  3001               	movlw	low(01h)
   886  074A  1283               	bcf	status, 5	;RP0=0, select bank0
   887  074B  1303               	bcf	status, 6	;RP1=0, select bank0
   888  074C  07E7               	addwf	(main@i),f
   889  074D  1803               	skipnc
   890  074E  0AE8               	incf	(main@i+1),f
   891  074F  3000               	movlw	high(01h)
   892  0750  07E8               	addwf	(main@i+1),f
   893                           	
   894  0751                     l1958:	
   895  0751  0868               	movf	(main@i+1),w
   896  0752  3A80               	xorlw	80h
   897  0753  00FF               	movwf	btemp+1
   898  0754  3080               	movlw	(high(0Ah))^80h
   899  0755  027F               	subwf	btemp+1,w
   900  0756  1D03               	skipz
   901  0757  2F5A               	goto	u2415
   902  0758  300A               	movlw	low(0Ah)
   903  0759  0267               	subwf	(main@i),w
   904  075A                     u2415:
   905                           
   906  075A  1C03               	skipc
   907  075B  2F5D               	goto	u2411
   908  075C  2F5E               	goto	u2410
   909  075D                     u2411:
   910  075D  2F2C               	goto	l1952
   911  075E                     u2410:
   912  075E  2F5F               	goto	l1960
   913                           	
   914  075F                     l591:	
   915                           	line	118
   916                           	
   917  075F                     l1960:	
   918                           ;Untitled.c: 117: }
   919                           ;Untitled.c: 118: lcd(' ',1);
   920  075F  3001               	movlw	low(01h)
   921  0760  00F0               	movwf	(?_lcd)
   922  0761  3000               	movlw	high(01h)
   923  0762  00F1               	movwf	((?_lcd))+1
   924  0763  3020               	movlw	(020h)
   925  0764  120A  118A  25EA   	fcall	_lcd
              120A  118A         
   926                           	line	119
   927                           ;Untitled.c: 119: lcd('L',1);
   928  0769  3001               	movlw	low(01h)
   929  076A  00F0               	movwf	(?_lcd)
   930  076B  3000               	movlw	high(01h)
   931  076C  00F1               	movwf	((?_lcd))+1
   932  076D  304C               	movlw	(04Ch)
   933  076E  120A  118A  25EA   	fcall	_lcd
              120A  118A         
   934                           	line	120
   935                           ;Untitled.c: 120: lcd('A',1);
   936  0773  3001               	movlw	low(01h)
   937  0774  00F0               	movwf	(?_lcd)
   938  0775  3000               	movlw	high(01h)
   939  0776  00F1               	movwf	((?_lcd))+1
   940  0777  3041               	movlw	(041h)
   941  0778  120A  118A  25EA   	fcall	_lcd
              120A  118A         
   942                           	line	121
   943                           ;Untitled.c: 121: lcd('T',1);
   944  077D  3001               	movlw	low(01h)
   945  077E  00F0               	movwf	(?_lcd)
   946  077F  3000               	movlw	high(01h)
   947  0780  00F1               	movwf	((?_lcd))+1
   948  0781  3054               	movlw	(054h)
   949  0782  120A  118A  25EA   	fcall	_lcd
              120A  118A         
   950                           	line	122
   951                           	
   952  0787                     l1962:	
   953                           ;Untitled.c: 122: for(i=0;i<10;i++)
   954  0787  3000               	movlw	low(0)
   955  0788  1283               	bcf	status, 5	;RP0=0, select bank0
   956  0789  1303               	bcf	status, 6	;RP1=0, select bank0
   957  078A  00E7               	movwf	(main@i)
   958  078B  3000               	movlw	high(0)
   959  078C  00E8               	movwf	((main@i))+1
   960                           	
   961  078D                     l1964:	
   962  078D  0868               	movf	(main@i+1),w
   963  078E  3A80               	xorlw	80h
   964  078F  00FF               	movwf	btemp+1
   965  0790  3080               	movlw	(high(0Ah))^80h
   966  0791  027F               	subwf	btemp+1,w
   967  0792  1D03               	skipz
   968  0793  2F96               	goto	u2425
   969  0794  300A               	movlw	low(0Ah)
   970  0795  0267               	subwf	(main@i),w
   971  0796                     u2425:
   972                           
   973  0796  1C03               	skipc
   974  0797  2F99               	goto	u2421
   975  0798  2F9A               	goto	u2420
   976  0799                     u2421:
   977  0799  2F9C               	goto	l1968
   978  079A                     u2420:
   979  079A  2FCF               	goto	l1976
   980                           	
   981  079B                     l1966:	
   982  079B  2FCF               	goto	l1976
   983                           	line	123
   984                           	
   985  079C                     l592:	
   986                           	line	124
   987                           	
   988  079C                     l1968:	
   989                           ;Untitled.c: 123: {
   990                           ;Untitled.c: 124: lcd(0xc0+i,0);
   991  079C  3000               	movlw	low(0)
   992  079D  00F0               	movwf	(?_lcd)
   993  079E  3000               	movlw	high(0)
   994  079F  00F1               	movwf	((?_lcd))+1
   995  07A0  1283               	bcf	status, 5	;RP0=0, select bank0
   996  07A1  1303               	bcf	status, 6	;RP1=0, select bank0
   997  07A2  0867               	movf	(main@i),w
   998  07A3  3EC0               	addlw	0C0h
   999  07A4  120A  118A  25EA   	fcall	_lcd
              120A  118A         
  1000                           	line	125
  1001                           	
  1002  07A9                     l1970:	
  1003                           ;Untitled.c: 125: lcd(LONGITUDE[i],1);
  1004  07A9  3001               	movlw	low(01h)
  1005  07AA  00F0               	movwf	(?_lcd)
  1006  07AB  3000               	movlw	high(01h)
  1007  07AC  00F1               	movwf	((?_lcd))+1
  1008  07AD  1283               	bcf	status, 5	;RP0=0, select bank0
  1009  07AE  1303               	bcf	status, 6	;RP1=0, select bank0
  1010  07AF  0867               	movf	(main@i),w
  1011  07B0  3E52               	addlw	main@LONGITUDE&0ffh
  1012  07B1  0084               	movwf	fsr0
  1013  07B2  1383               	bcf	status, 7	;select IRP bank0
  1014  07B3  0800               	movf	indf,w
  1015  07B4  120A  118A  25EA   	fcall	_lcd
              120A  118A         
  1016                           	line	122
  1017                           	
  1018  07B9                     l1972:	
  1019  07B9  3001               	movlw	low(01h)
  1020  07BA  1283               	bcf	status, 5	;RP0=0, select bank0
  1021  07BB  1303               	bcf	status, 6	;RP1=0, select bank0
  1022  07BC  07E7               	addwf	(main@i),f
  1023  07BD  1803               	skipnc
  1024  07BE  0AE8               	incf	(main@i+1),f
  1025  07BF  3000               	movlw	high(01h)
  1026  07C0  07E8               	addwf	(main@i+1),f
  1027                           	
  1028  07C1                     l1974:	
  1029  07C1  0868               	movf	(main@i+1),w
  1030  07C2  3A80               	xorlw	80h
  1031  07C3  00FF               	movwf	btemp+1
  1032  07C4  3080               	movlw	(high(0Ah))^80h
  1033  07C5  027F               	subwf	btemp+1,w
  1034  07C6  1D03               	skipz
  1035  07C7  2FCA               	goto	u2435
  1036  07C8  300A               	movlw	low(0Ah)
  1037  07C9  0267               	subwf	(main@i),w
  1038  07CA                     u2435:
  1039                           
  1040  07CA  1C03               	skipc
  1041  07CB  2FCD               	goto	u2431
  1042  07CC  2FCE               	goto	u2430
  1043  07CD                     u2431:
  1044  07CD  2F9C               	goto	l1968
  1045  07CE                     u2430:
  1046  07CE  2FCF               	goto	l1976
  1047                           	
  1048  07CF                     l593:	
  1049                           	line	127
  1050                           	
  1051  07CF                     l1976:	
  1052                           ;Untitled.c: 126: }
  1053                           ;Untitled.c: 127: lcd(' ',1);
  1054  07CF  3001               	movlw	low(01h)
  1055  07D0  00F0               	movwf	(?_lcd)
  1056  07D1  3000               	movlw	high(01h)
  1057  07D2  00F1               	movwf	((?_lcd))+1
  1058  07D3  3020               	movlw	(020h)
  1059  07D4  120A  118A  25EA   	fcall	_lcd
              120A  118A         
  1060                           	line	128
  1061                           ;Untitled.c: 128: lcd('L',1);
  1062  07D9  3001               	movlw	low(01h)
  1063  07DA  00F0               	movwf	(?_lcd)
  1064  07DB  3000               	movlw	high(01h)
  1065  07DC  00F1               	movwf	((?_lcd))+1
  1066  07DD  304C               	movlw	(04Ch)
  1067  07DE  120A  118A  25EA   	fcall	_lcd
              120A  118A         
  1068                           	line	129
  1069                           ;Untitled.c: 129: lcd('O',1);
  1070  07E3  3001               	movlw	low(01h)
  1071  07E4  00F0               	movwf	(?_lcd)
  1072  07E5  3000               	movlw	high(01h)
  1073  07E6  00F1               	movwf	((?_lcd))+1
  1074  07E7  304F               	movlw	(04Fh)
  1075  07E8  120A  118A  25EA   	fcall	_lcd
              120A  118A         
  1076                           	line	130
  1077                           ;Untitled.c: 130: lcd('N',1);
  1078  07ED  3001               	movlw	low(01h)
  1079  07EE  00F0               	movwf	(?_lcd)
  1080  07EF  3000               	movlw	high(01h)
  1081  07F0  00F1               	movwf	((?_lcd))+1
  1082  07F1  304E               	movlw	(04Eh)
  1083  07F2  120A  118A  25EA   	fcall	_lcd
              120A  118A         
  1084  07F7  2FF8               	goto	l1978
  1085                           	line	134
  1086                           ;Untitled.c: 134: while(1){
  1087                           	
  1088  07F8                     l594:	
  1089                           	line	135
  1090                           	
  1091  07F8                     l1978:	
  1092                           ;Untitled.c: 135: RD0=1;
  1093  07F8  1283               	bcf	status, 5	;RP0=0, select bank0
  1094  07F9  1303               	bcf	status, 6	;RP1=0, select bank0
  1095  07FA  1408               	bsf	(64/8),(64)&7
  1096  07FB  2FF8               	goto	l1978
  1097                           	line	136
  1098                           	
  1099  07FC                     l595:	
  1100                           	line	134
  1101  07FC  2FF8               	goto	l1978
  1102                           	
  1103  07FD                     l596:	
  1104                           	line	139
  1105                           	
  1106  07FD                     l597:	
  1107                           	global	start
  1108  07FD  120A  118A  2800   	ljmp	start
  1109                           	opt stack 0
  1110                           GLOBAL	__end_of_main
  1111  0800                     	__end_of_main:
  1112 ;; =============== function _main ends ============
  1113                           
  1114                           	signat	_main,88
  1115                           	global	_lcd
  1116                           psect	text109,local,class=CODE,delta=2
  1117                           global __ptext109
  1118  05EA                     __ptext109:
  1119                           
  1120 ;; *************** function _lcd *****************
  1121 ;; Defined at:
  1122 ;;		line 5 in file "D:\EMB-COURSE\PIC16F877A\SPI\TASK 5 GPS LATITUDE AND LONGITUDE\CODE\Untitled.c"
  1123 ;; Parameters:    Size  Location     Type
  1124 ;;  a               1    wreg     unsigned char 
  1125 ;;  b               2    0[COMMON] int 
  1126 ;; Auto vars:     Size  Location     Type
  1127 ;;  a               1    4[COMMON] unsigned char 
  1128 ;; Return value:  Size  Location     Type
  1129 ;;		None               void
  1130 ;; Registers used:
  1131 ;;		wreg
  1132 ;; Tracked objects:
  1133 ;;		On entry : 0/0
  1134 ;;		On exit  : 0/0
  1135 ;;		Unchanged: 0/0
  1136 ;; Data sizes:     COMMON   BANK0   BANK1   BANK3   BANK2
  1137 ;;      Params:         2       0       0       0       0
  1138 ;;      Locals:         1       0       0       0       0
  1139 ;;      Temps:          2       0       0       0       0
  1140 ;;      Totals:         5       0       0       0       0
  1141 ;;Total ram usage:        5 bytes
  1142 ;; Hardware stack levels used:    1
  1143 ;; This function calls:
  1144 ;;		Nothing
  1145 ;; This function is called by:
  1146 ;;		_main
  1147 ;; This function uses a non-reentrant model
  1148 ;;
  1149                           psect	text109
  1150                           	file	"D:\EMB-COURSE\PIC16F877A\SPI\TASK 5 GPS LATITUDE AND LONGITUDE\CODE\Untitled.c"
  1151                           	line	5
  1152                           	global	__size_of_lcd
  1153  0024                     	__size_of_lcd	equ	__end_of_lcd-_lcd
  1154                           	
  1155  05EA                     _lcd:	
  1156                           	opt	stack 7
  1157                           ; Regs used in _lcd: [wreg]
  1158                           ;lcd@a stored from wreg
  1159  05EA  00F4               	movwf	(lcd@a)
  1160                           	line	6
  1161                           	
  1162  05EB                     l1868:	
  1163                           ;Untitled.c: 6: PORTB=a;
  1164  05EB  0874               	movf	(lcd@a),w
  1165  05EC  1283               	bcf	status, 5	;RP0=0, select bank0
  1166  05ED  1303               	bcf	status, 6	;RP1=0, select bank0
  1167  05EE  0086               	movwf	(6)	;volatile
  1168                           	line	7
  1169                           	
  1170  05EF                     l1870:	
  1171                           ;Untitled.c: 7: RC0=b;
  1172  05EF  1870               	btfsc	(lcd@b),0
  1173  05F0  2DF2               	goto	u2311
  1174  05F1  2DF6               	goto	u2310
  1175                           	
  1176  05F2                     u2311:
  1177  05F2  1283               	bcf	status, 5	;RP0=0, select bank0
  1178  05F3  1303               	bcf	status, 6	;RP1=0, select bank0
  1179  05F4  1407               	bsf	(56/8),(56)&7
  1180  05F5  2DF9               	goto	u2324
  1181  05F6                     u2310:
  1182  05F6  1283               	bcf	status, 5	;RP0=0, select bank0
  1183  05F7  1303               	bcf	status, 6	;RP1=0, select bank0
  1184  05F8  1007               	bcf	(56/8),(56)&7
  1185  05F9                     u2324:
  1186                           	line	8
  1187                           	
  1188  05F9                     l1872:	
  1189                           ;Untitled.c: 8: RC1=1;
  1190  05F9  1487               	bsf	(57/8),(57)&7
  1191                           	line	9
  1192                           ;Untitled.c: 9: _delay((unsigned long)((30)*(20000000/4000.0)));
  1193                           	opt asmopt_off
  1194  05FA  30C3               movlw	195
  1195  05FB  00F3               movwf	((??_lcd+0)+0+1),f
  1196  05FC  30CD               	movlw	205
  1197  05FD  00F2               movwf	((??_lcd+0)+0),f
  1198  05FE                     u2447:
  1199  05FE  0BF2               	decfsz	((??_lcd+0)+0),f
  1200  05FF  2DFE               	goto	u2447
  1201  0600  0BF3               	decfsz	((??_lcd+0)+0+1),f
  1202  0601  2DFE               	goto	u2447
  1203                           opt asmopt_on
  1204                           
  1205                           	line	10
  1206                           	
  1207  0602                     l1874:	
  1208                           ;Untitled.c: 10: RC1=0;
  1209  0602  1283               	bcf	status, 5	;RP0=0, select bank0
  1210  0603  1303               	bcf	status, 6	;RP1=0, select bank0
  1211  0604  1087               	bcf	(57/8),(57)&7
  1212                           	line	11
  1213                           ;Untitled.c: 11: _delay((unsigned long)((30)*(20000000/4000.0)));
  1214                           	opt asmopt_off
  1215  0605  30C3               movlw	195
  1216  0606  00F3               movwf	((??_lcd+0)+0+1),f
  1217  0607  30CD               	movlw	205
  1218  0608  00F2               movwf	((??_lcd+0)+0),f
  1219  0609                     u2457:
  1220  0609  0BF2               	decfsz	((??_lcd+0)+0),f
  1221  060A  2E09               	goto	u2457
  1222  060B  0BF3               	decfsz	((??_lcd+0)+0+1),f
  1223  060C  2E09               	goto	u2457
  1224                           opt asmopt_on
  1225                           
  1226                           	line	12
  1227                           	
  1228  060D                     l561:	
  1229  060D  0008               	return
  1230                           	opt stack 0
  1231                           GLOBAL	__end_of_lcd
  1232  060E                     	__end_of_lcd:
  1233 ;; =============== function _lcd ends ============
  1234                           
  1235                           	signat	_lcd,8312
  1236                           	global	_wait
  1237                           psect	text110,local,class=CODE,delta=2
  1238                           global __ptext110
  1239  05B7                     __ptext110:
  1240                           
  1241 ;; *************** function _wait *****************
  1242 ;; Defined at:
  1243 ;;		line 15 in file "D:\EMB-COURSE\PIC16F877A\SPI\TASK 5 GPS LATITUDE AND LONGITUDE\CODE\Untitled.c"
  1244 ;; Parameters:    Size  Location     Type
  1245 ;;  c               1    wreg     unsigned char 
  1246 ;; Auto vars:     Size  Location     Type
  1247 ;;  c               1    1[COMMON] unsigned char 
  1248 ;;  c1              1    2[COMMON] unsigned char 
  1249 ;; Return value:  Size  Location     Type
  1250 ;;		None               void
  1251 ;; Registers used:
  1252 ;;		wreg
  1253 ;; Tracked objects:
  1254 ;;		On entry : 0/0
  1255 ;;		On exit  : 0/0
  1256 ;;		Unchanged: 0/0
  1257 ;; Data sizes:     COMMON   BANK0   BANK1   BANK3   BANK2
  1258 ;;      Params:         0       0       0       0       0
  1259 ;;      Locals:         2       0       0       0       0
  1260 ;;      Temps:          1       0       0       0       0
  1261 ;;      Totals:         3       0       0       0       0
  1262 ;;Total ram usage:        3 bytes
  1263 ;; Hardware stack levels used:    1
  1264 ;; This function calls:
  1265 ;;		Nothing
  1266 ;; This function is called by:
  1267 ;;		_main
  1268 ;; This function uses a non-reentrant model
  1269 ;;
  1270                           psect	text110
  1271                           	file	"D:\EMB-COURSE\PIC16F877A\SPI\TASK 5 GPS LATITUDE AND LONGITUDE\CODE\Untitled.c"
  1272                           	line	15
  1273                           	global	__size_of_wait
  1274  0015                     	__size_of_wait	equ	__end_of_wait-_wait
  1275                           	
  1276  05B7                     _wait:	
  1277                           	opt	stack 7
  1278                           ; Regs used in _wait: [wreg]
  1279                           ;wait@c stored from wreg
  1280  05B7  00F1               	movwf	(wait@c)
  1281                           	line	17
  1282                           ;Untitled.c: 16: char c1;
  1283                           ;Untitled.c: 17: do{
  1284                           	
  1285  05B8                     l564:	
  1286                           	line	18
  1287                           ;Untitled.c: 18: while(RCIF==0);
  1288  05B8  2DB9               	goto	l565
  1289                           	
  1290  05B9                     l566:	
  1291                           	
  1292  05B9                     l565:	
  1293  05B9  1283               	bcf	status, 5	;RP0=0, select bank0
  1294  05BA  1303               	bcf	status, 6	;RP1=0, select bank0
  1295  05BB  1E8C               	btfss	(101/8),(101)&7
  1296  05BC  2DBE               	goto	u2291
  1297  05BD  2DBF               	goto	u2290
  1298  05BE                     u2291:
  1299  05BE  2DB9               	goto	l565
  1300  05BF                     u2290:
  1301                           	
  1302  05BF                     l567:	
  1303                           	line	19
  1304                           ;Untitled.c: 19: RCIF=0;
  1305  05BF  128C               	bcf	(101/8),(101)&7
  1306                           	line	20
  1307                           	
  1308  05C0                     l1866:	
  1309                           ;Untitled.c: 20: c1=RCREG;
  1310  05C0  081A               	movf	(26),w	;volatile
  1311  05C1  00F0               	movwf	(??_wait+0)+0
  1312  05C2  0870               	movf	(??_wait+0)+0,w
  1313  05C3  00F2               	movwf	(wait@c1)
  1314                           	line	21
  1315                           ;Untitled.c: 21: }while(c1!=c);
  1316  05C4  0872               	movf	(wait@c1),w
  1317  05C5  0671               	xorwf	(wait@c),w
  1318  05C6  1D03               	skipz
  1319  05C7  2DC9               	goto	u2301
  1320  05C8  2DCA               	goto	u2300
  1321  05C9                     u2301:
  1322  05C9  2DB8               	goto	l564
  1323  05CA                     u2300:
  1324  05CA  2DCB               	goto	l569
  1325                           	
  1326  05CB                     l568:	
  1327                           	line	22
  1328                           	
  1329  05CB                     l569:	
  1330  05CB  0008               	return
  1331                           	opt stack 0
  1332                           GLOBAL	__end_of_wait
  1333  05CC                     	__end_of_wait:
  1334 ;; =============== function _wait ends ============
  1335                           
  1336                           	signat	_wait,4216
  1337                           psect	text111,local,class=CODE,delta=2
  1338                           global __ptext111
  1339  0000                     __ptext111:
  1340                           	global	btemp
  1341  007E                     	btemp set 07Eh
  1342                           
  1343                           	DABS	1,126,2	;btemp
  1344                           	global	wtemp0
  1345  007E                     	wtemp0 set btemp


HI-TECH Software PICC Macro Assembler V9.80 build 6738 
Symbol Table                                                                                   Fri Oct 17 11:46:40 2025

                   pc 0002                    fsr 0004                   l561 060D                   l564 05B8  
                 l580 06B8                   l565 05B9                   l581 06BC                   l566 05B9  
                 l590 072C                   l582 06C9                   l567 05BF                   l591 075F  
                 l583 06D8                   l568 05CB                   l592 079C                   l584 06EC  
                 l569 05CB                   l593 07CF                   l585 06ED                   l594 07F8  
                 l586 06ED                   l578 06B7                   l595 07FC                   l587 06F1  
                 l579 06B8                   l596 07FD                   l588 06FE                   l597 07FD  
                 l589 070D                   _RC0 0038                   _RC1 0039                   _RD0 0040  
                 _RD1 0041                   _lcd 05EA                   fsr0 0004                   indf 0000  
                l1900 0677                  l1910 0695                  l1902 067D                  l1920 06B0  
                l1912 069B                  l1904 0683                  l1930 06D8                  l1922 06BD  
                l1914 06A1                  l1906 0689                  ?_lcd 0070                  l1940 06FE  
                l1932 06E4                  l1924 06C8                  l1916 06A7                  l1908 068F  
                l1870 05EF                  l1950 072B                  l1942 0706                  l1934 06E7  
                l1926 06C9                  l1918 06AA                  l1872 05F9                  l1960 075F  
                l1952 072C                  l1944 070D                  l1936 06F2                  l1928 06D1  
                l1880 0650                  l1866 05C0                  l1874 0602                  l1970 07A9  
                l1962 0787                  l1954 0739                  l1946 0717                  l1938 06FD  
                l1890 0657                  l1882 0651                  l1868 05EB                  l1972 07B9  
                l1964 078D                  l1956 0749                  l1948 071D                  l1892 065B  
                l1884 0652                  l1876 060E                  l1974 07C1                  l1966 079B  
                l1958 0751                  l1894 065F                  l1886 0653                  l1878 064D  
                l1976 07CF                  l1968 079C                  l1896 0663                  l1888 0654  
                l1978 07F8                  l1898 066D                  u2300 05CA                  u2301 05C9  
                u2310 05F6                  u2311 05F2                  u2400 072A                  u2401 0729  
                u2410 075E                  u2330 0616                  u2411 075D                  u2324 05F9  
                u2420 079A                  u2340 062B                  u2421 0799                  u2405 0726  
                u2430 07CE                  u2350 0640                  u2431 07CD                  u2415 075A  
                u2360 06BC                  u2425 0796                  u2361 06BB                  u2290 05BF  
                u2370 06C7                  u2291 05BE                  u2435 07CA                  u2371 06C6  
                u2380 06F1                  u2381 06F0                  u2390 06FC                  u2447 05FE  
                u2391 06FB                  u2457 0609                  _RCIF 0065                  _main 060E  
                lcd@a 0074                  lcd@b 0070                  _wait 05B7                  btemp 007E  
                start 0000                 ??_lcd 0072                 ?_main 0070                 ?_wait 0070  
               _RCREG 001A                 _RCSTA 0018                 _SPBRG 0099                 _PORTB 0006  
               _TRISB 0086                 _TXSTA 0098                 main@c 0066                 main@i 0067  
               pclath 000A                 wait@c 0071                 status 0003                 wtemp0 007E  
        __end_of_main 0800          __end_of_wait 05CC                ??_main 0075                ??_wait 0070  
              _TRISC0 0438                _TRISC1 0439                _TRISD0 0440                _TRISD1 0441  
              wait@c1 0072        __pcstackCOMMON 0070          __pidataBANK1 05CC            __pmaintext 060E  
        __size_of_lcd 0024  end_of_initialization 05B3               init_ram 0598   start_initialization 05A5  
         __end_of_lcd 060E           __pdataBANK1 00A0         __pcstackBANK0 0020             __ptext110 05B7  
           __ptext111 0000             __ptext109 05EA             init_fetch 0594         __size_of_main 01F2  
       __size_of_wait 0015              main@F524 00B5              main@F526 00AB              main@F528 00A0  
            main@arr1 0035              main@arr2 002B              main@arr3 0020         main@LONGITUDE 0052  
        main@LATITUDE 003E  
